<?xml version="1.0" encoding="UTF-8"?>
<testng-results skipped="0" failed="0" total="1" passed="1">
  <reporter-output>
  </reporter-output>
  <suite name="Default suite" duration-ms="4685" started-at="2015-01-31T19:44:11Z" finished-at="2015-01-31T19:44:16Z">
    <groups>
    </groups>
    <test name="Default test" duration-ms="4685" started-at="2015-01-31T19:44:11Z" finished-at="2015-01-31T19:44:16Z">
      <class name="com.ecalix.tests.LoginTests">
        <test-method status="PASS" signature="setUp()[pri:0, instance:com.ecalix.tests.LoginTests@67ae7ead]" name="setUp" is-config="true" duration-ms="3531" started-at="2015-01-31T11:44:11Z" finished-at="2015-01-31T11:44:15Z">
          <reporter-output>
          </reporter-output>
        </test-method> <!-- setUp -->
        <test-method status="PASS" signature="Login01()[pri:0, instance:com.ecalix.tests.LoginTests@67ae7ead]" name="Login01" duration-ms="1136" started-at="2015-01-31T11:44:15Z" finished-at="2015-01-31T11:44:16Z">
          <reporter-output>
          </reporter-output>
        </test-method> <!-- Login01 -->
        <test-method status="PASS" signature="tearDown()[pri:0, instance:com.ecalix.tests.LoginTests@67ae7ead]" name="tearDown" is-config="true" duration-ms="0" started-at="2015-01-31T11:44:16Z" finished-at="2015-01-31T11:44:16Z">
          <reporter-output>
          </reporter-output>
        </test-method> <!-- tearDown -->
      </class> <!-- com.ecalix.tests.LoginTests -->
    </test> <!-- Default test -->
  </suite> <!-- Default suite -->
</testng-results>
